Info: Starting: Create simulation model
Info: qsys-generate "D:\Onedrive - Personal\OneDrive - Imperial College London\Imperial college london-Kevi023XPS\Year_One\CPU2020\CPU2020\CPU\unnamed.qsys" --simulation=VERILOG --allow-mixed-language-simulation --output-directory="D:\Onedrive - Personal\OneDrive - Imperial College London\Imperial college london-Kevi023XPS\Year_One\CPU2020\CPU2020\CPU\random\simulation" --family="Cyclone V" --part=5CGXFC7C7F23C8
Progress: Loading CPU/unnamed.qsys
Progress: Reading input file
Progress: Adding rand_gen_0 [altera_rand_gen 19.1]
Progress: Parameterizing module rand_gen_0
Progress: Building connections
Progress: Parameterizing connections
Progress: Validating
Progress: Done reading input file
Info: unnamed: Generating unnamed "unnamed" for SIM_VERILOG
Info: rand_gen_0: E:/quartus/quartus/../hls/bin/i++ --simulator none -o altera_rand_gen_fn {-march=Cyclone V} --fpc -I. E:/quartus/ip/altera/dsp/altera_rand_gen/altera_rand_gen_fn.cpp
Error: rand_gen_0: Error starting the process ([E:/quartus/quartus/../hls/bin/i++, --simulator, none, -o, altera_rand_gen_fn, -march=Cyclone V, --fpc, -I., E:/quartus/ip/altera/dsp/altera_rand_gen/altera_rand_gen_fn.cpp]): Cannot run program "E:\quartus\quartus\..\hls\bin\i++" (in directory "C:\Users\yyk20\AppData\Local\Temp\alt8491_3112237496284018894.dir\0002_rand_gen_0_gen"): CreateProcess error=2, 系统找不到指定的文件。 
Error: rand_gen_0: IP geneneration failed at file discovery, please tell Altera
Error: couldn't open "C:/Users/yyk20/AppData/Local/Temp/alt8491_3112237496284018894.dir/0002_rand_gen_0_gen//altera_rand_gen_fn.prj/components/altera_rand_gen_fn/altera_rand_gen_fn_internal_hw.tcl": no such file or directory     while executing "discover_files $proxy_file_set $tmp_dir"     (procedure "generate_all" line 16)     invoked from within "generate_all $output_name SIM_VERILOG "     (procedure "generate_sim_verilog" line 2)     invoked from within "generate_sim_verilog unnamed_rand_gen_0"
Info: rand_gen_0: "unnamed" instantiated altera_rand_gen "rand_gen_0"
Info: unnamed: Done "unnamed" with 2 modules, 1 files
Error: qsys-generate failed with exit code 1: 3 Errors, 0 Warnings
Info: Finished: Create simulation model
Info: Starting: Create Modelsim Project.
Info: sim-script-gen --spd="D:\Onedrive - Personal\OneDrive - Imperial College London\Imperial college london-Kevi023XPS\Year_One\CPU2020\CPU2020\CPU\random\unnamed.spd" --output-directory="D:/Onedrive - Personal/OneDrive - Imperial College London/Imperial college london-Kevi023XPS/Year_One/CPU2020/CPU2020/CPU/random/simulation/" --use-relative-paths=true
Info: Doing: ip-make-simscript --spd=D:\Onedrive - Personal\OneDrive - Imperial College London\Imperial college london-Kevi023XPS\Year_One\CPU2020\CPU2020\CPU\random\unnamed.spd --output-directory=D:/Onedrive - Personal/OneDrive - Imperial College London/Imperial college london-Kevi023XPS/Year_One/CPU2020/CPU2020/CPU/random/simulation/ --use-relative-paths=true
Info: Generating the following file(s) for MODELSIM simulator in D:/Onedrive - Personal/OneDrive - Imperial College London/Imperial college london-Kevi023XPS/Year_One/CPU2020/CPU2020/CPU/random/simulation/ directory:
Info: 	mentor/msim_setup.tcl
Info: Generating the following file(s) for VCS simulator in D:/Onedrive - Personal/OneDrive - Imperial College London/Imperial college london-Kevi023XPS/Year_One/CPU2020/CPU2020/CPU/random/simulation/ directory:
Info: 	synopsys/vcs/vcs_setup.sh
Info: Generating the following file(s) for VCSMX simulator in D:/Onedrive - Personal/OneDrive - Imperial College London/Imperial college london-Kevi023XPS/Year_One/CPU2020/CPU2020/CPU/random/simulation/ directory:
Info: 	synopsys/vcsmx/synopsys_sim.setup
Info: 	synopsys/vcsmx/vcsmx_setup.sh
Info: Generating the following file(s) for NCSIM simulator in D:/Onedrive - Personal/OneDrive - Imperial College London/Imperial college london-Kevi023XPS/Year_One/CPU2020/CPU2020/CPU/random/simulation/ directory:
Info: 	cadence/cds.lib
Info: 	cadence/hdl.var
Info: 	cadence/ncsim_setup.sh
Info: Generating the following file(s) for RIVIERA simulator in D:/Onedrive - Personal/OneDrive - Imperial College London/Imperial college london-Kevi023XPS/Year_One/CPU2020/CPU2020/CPU/random/simulation/ directory:
Info: 	aldec/rivierapro_setup.tcl
Info: For information on how to simulate your IP, see the explanatory comments in the simulator-specific subdirectories under D:/Onedrive - Personal/OneDrive - Imperial College London/Imperial college london-Kevi023XPS/Year_One/CPU2020/CPU2020/CPU/random/simulation/.
Info: Regenerate these scripts whenever you make any change to any Quartus-generated IP in your project.
Info: Finished: Create Modelsim Project.
Info: Starting: Create block symbol file (.bsf)
Info: qsys-generate "D:\Onedrive - Personal\OneDrive - Imperial College London\Imperial college london-Kevi023XPS\Year_One\CPU2020\CPU2020\CPU\unnamed.qsys" --block-symbol-file --output-directory="D:\Onedrive - Personal\OneDrive - Imperial College London\Imperial college london-Kevi023XPS\Year_One\CPU2020\CPU2020\CPU\random" --family="Cyclone V" --part=5CGXFC7C7F23C8
Progress: Loading CPU/unnamed.qsys
Progress: Reading input file
Progress: Adding rand_gen_0 [altera_rand_gen 19.1]
Progress: Parameterizing module rand_gen_0
Progress: Building connections
Progress: Parameterizing connections
Progress: Validating
Progress: Done reading input file
Info: qsys-generate succeeded.
Info: Finished: Create block symbol file (.bsf)
Info: 
Info: Starting: Create HDL design files for synthesis
Info: qsys-generate "D:\Onedrive - Personal\OneDrive - Imperial College London\Imperial college london-Kevi023XPS\Year_One\CPU2020\CPU2020\CPU\unnamed.qsys" --synthesis=VERILOG --output-directory="D:\Onedrive - Personal\OneDrive - Imperial College London\Imperial college london-Kevi023XPS\Year_One\CPU2020\CPU2020\CPU\random\synthesis" --family="Cyclone V" --part=5CGXFC7C7F23C8
Progress: Loading CPU/unnamed.qsys
Progress: Reading input file
Progress: Adding rand_gen_0 [altera_rand_gen 19.1]
Progress: Parameterizing module rand_gen_0
Progress: Building connections
Progress: Parameterizing connections
Progress: Validating
Progress: Done reading input file
Info: unnamed: Generating unnamed "unnamed" for QUARTUS_SYNTH
Info: rand_gen_0: E:/quartus/quartus/../hls/bin/i++ --simulator none -o altera_rand_gen_fn {-march=Cyclone V} --fpc -I. E:/quartus/ip/altera/dsp/altera_rand_gen/altera_rand_gen_fn.cpp
Error: rand_gen_0: Error starting the process ([E:/quartus/quartus/../hls/bin/i++, --simulator, none, -o, altera_rand_gen_fn, -march=Cyclone V, --fpc, -I., E:/quartus/ip/altera/dsp/altera_rand_gen/altera_rand_gen_fn.cpp]): Cannot run program "E:\quartus\quartus\..\hls\bin\i++" (in directory "C:\Users\yyk20\AppData\Local\Temp\alt8491_3112237496284018894.dir\0004_rand_gen_0_gen"): CreateProcess error=2, 系统找不到指定的文件。 
Error: rand_gen_0: IP geneneration failed at file discovery, please tell Altera
Error: couldn't open "C:/Users/yyk20/AppData/Local/Temp/alt8491_3112237496284018894.dir/0004_rand_gen_0_gen//altera_rand_gen_fn.prj/components/altera_rand_gen_fn/altera_rand_gen_fn_internal_hw.tcl": no such file or directory     while executing "discover_files $proxy_file_set $tmp_dir"     (procedure "generate_all" line 16)     invoked from within "generate_all $output_name QUARTUS_SYNTH"     (procedure "generate_quartus_synth" line 2)     invoked from within "generate_quartus_synth unnamed_rand_gen_0"
Info: rand_gen_0: "unnamed" instantiated altera_rand_gen "rand_gen_0"
Info: unnamed: Done "unnamed" with 2 modules, 1 files
Error: qsys-generate failed with exit code 1: 3 Errors, 0 Warnings
Info: Finished: Create HDL design files for synthesis
