Analysis & Synthesis report for Kirin-A15Plus
Mon Jul 27 23:28:08 2020
Quartus Prime Version 19.1.0 Build 670 09/22/2019 SJ Lite Edition


---------------------
; Table of Contents ;
---------------------
  1. Legal Notice
  2. Analysis & Synthesis Summary
  3. Analysis & Synthesis Settings
  4. Parallel Compilation
  5. Analysis & Synthesis Source Files Read
  6. Analysis & Synthesis Resource Usage Summary
  7. Analysis & Synthesis Resource Utilization by Entity
  8. Registers Removed During Synthesis
  9. Removed Registers Triggering Further Register Optimizations
 10. General Register Statistics
 11. Parameter Settings for User Entity Instance: LPM_ADD_SUB:ALU3
 12. Parameter Settings for User Entity Instance: BUSMUX:inst4
 13. Parameter Settings for User Entity Instance: LPM_CONSTANT:inst9
 14. Parameter Settings for User Entity Instance: LPM_DFF:inst5
 15. Parameter Settings for User Entity Instance: LPM_DFF:inst6
 16. Parameter Settings for User Entity Instance: LPM_DFF:inst7
 17. Post-Synthesis Netlist Statistics for Top Partition
 18. Elapsed Time Per Partition
 19. Analysis & Synthesis Messages



----------------
; Legal Notice ;
----------------
Copyright (C) 2019  Intel Corporation. All rights reserved.
Your use of Intel Corporation's design tools, logic functions 
and other software and tools, and any partner logic 
functions, and any output files from any of the foregoing 
(including device programming or simulation files), and any 
associated documentation or information are expressly subject 
to the terms and conditions of the Intel Program License 
Subscription Agreement, the Intel Quartus Prime License Agreement,
the Intel FPGA IP License Agreement, or other applicable license
agreement, including, without limitation, that your use is for
the sole purpose of programming logic devices manufactured by
Intel and sold by Intel or its authorized distributors.  Please
refer to the applicable agreement for further details, at
https://fpgasoftware.intel.com/eula.



+-------------------------------------------------------------------------------+
; Analysis & Synthesis Summary                                                  ;
+---------------------------------+---------------------------------------------+
; Analysis & Synthesis Status     ; Successful - Mon Jul 27 23:28:08 2020       ;
; Quartus Prime Version           ; 19.1.0 Build 670 09/22/2019 SJ Lite Edition ;
; Revision Name                   ; Kirin-A15Plus                               ;
; Top-level Entity Name           ; Kirin-A15Plus                               ;
; Family                          ; Cyclone V                                   ;
; Logic utilization (in ALMs)     ; N/A                                         ;
; Total registers                 ; 16                                          ;
; Total pins                      ; 17                                          ;
; Total virtual pins              ; 0                                           ;
; Total block memory bits         ; 0                                           ;
; Total DSP Blocks                ; 0                                           ;
; Total HSSI RX PCSs              ; 0                                           ;
; Total HSSI PMA RX Deserializers ; 0                                           ;
; Total HSSI TX PCSs              ; 0                                           ;
; Total HSSI PMA TX Serializers   ; 0                                           ;
; Total PLLs                      ; 0                                           ;
; Total DLLs                      ; 0                                           ;
+---------------------------------+---------------------------------------------+


+---------------------------------------------------------------------------------------------------------------------------+
; Analysis & Synthesis Settings                                                                                             ;
+---------------------------------------------------------------------------------+--------------------+--------------------+
; Option                                                                          ; Setting            ; Default Value      ;
+---------------------------------------------------------------------------------+--------------------+--------------------+
; Device                                                                          ; 5CGXFC7C7F23C8     ;                    ;
; Top-level entity name                                                           ; Kirin-A15Plus      ; Kirin-A15Plus      ;
; Family name                                                                     ; Cyclone V          ; Cyclone V          ;
; Use smart compilation                                                           ; Off                ; Off                ;
; Enable parallel Assembler and Timing Analyzer during compilation                ; On                 ; On                 ;
; Enable compact report table                                                     ; Off                ; Off                ;
; Restructure Multiplexers                                                        ; Auto               ; Auto               ;
; MLAB Add Timing Constraints For Mixed-Port Feed-Through Mode Setting Don't Care ; Off                ; Off                ;
; Create Debugging Nodes for IP Cores                                             ; Off                ; Off                ;
; Preserve fewer node names                                                       ; On                 ; On                 ;
; Intel FPGA IP Evaluation Mode                                                   ; Enable             ; Enable             ;
; Verilog Version                                                                 ; Verilog_2001       ; Verilog_2001       ;
; VHDL Version                                                                    ; VHDL_1993          ; VHDL_1993          ;
; State Machine Processing                                                        ; Auto               ; Auto               ;
; Safe State Machine                                                              ; Off                ; Off                ;
; Extract Verilog State Machines                                                  ; On                 ; On                 ;
; Extract VHDL State Machines                                                     ; On                 ; On                 ;
; Ignore Verilog initial constructs                                               ; Off                ; Off                ;
; Iteration limit for constant Verilog loops                                      ; 5000               ; 5000               ;
; Iteration limit for non-constant Verilog loops                                  ; 250                ; 250                ;
; Add Pass-Through Logic to Inferred RAMs                                         ; On                 ; On                 ;
; Infer RAMs from Raw Logic                                                       ; On                 ; On                 ;
; Parallel Synthesis                                                              ; On                 ; On                 ;
; DSP Block Balancing                                                             ; Auto               ; Auto               ;
; NOT Gate Push-Back                                                              ; On                 ; On                 ;
; Power-Up Don't Care                                                             ; On                 ; On                 ;
; Remove Redundant Logic Cells                                                    ; Off                ; Off                ;
; Remove Duplicate Registers                                                      ; On                 ; On                 ;
; Ignore CARRY Buffers                                                            ; Off                ; Off                ;
; Ignore CASCADE Buffers                                                          ; Off                ; Off                ;
; Ignore GLOBAL Buffers                                                           ; Off                ; Off                ;
; Ignore ROW GLOBAL Buffers                                                       ; Off                ; Off                ;
; Ignore LCELL Buffers                                                            ; Off                ; Off                ;
; Ignore SOFT Buffers                                                             ; On                 ; On                 ;
; Limit AHDL Integers to 32 Bits                                                  ; Off                ; Off                ;
; Optimization Technique                                                          ; Balanced           ; Balanced           ;
; Carry Chain Length                                                              ; 70                 ; 70                 ;
; Auto Carry Chains                                                               ; On                 ; On                 ;
; Auto Open-Drain Pins                                                            ; On                 ; On                 ;
; Perform WYSIWYG Primitive Resynthesis                                           ; Off                ; Off                ;
; Auto ROM Replacement                                                            ; On                 ; On                 ;
; Auto RAM Replacement                                                            ; On                 ; On                 ;
; Auto DSP Block Replacement                                                      ; On                 ; On                 ;
; Auto Shift Register Replacement                                                 ; Auto               ; Auto               ;
; Allow Shift Register Merging across Hierarchies                                 ; Auto               ; Auto               ;
; Auto Clock Enable Replacement                                                   ; On                 ; On                 ;
; Strict RAM Replacement                                                          ; Off                ; Off                ;
; Allow Synchronous Control Signals                                               ; On                 ; On                 ;
; Force Use of Synchronous Clear Signals                                          ; Off                ; Off                ;
; Auto Resource Sharing                                                           ; Off                ; Off                ;
; Allow Any RAM Size For Recognition                                              ; Off                ; Off                ;
; Allow Any ROM Size For Recognition                                              ; Off                ; Off                ;
; Allow Any Shift Register Size For Recognition                                   ; Off                ; Off                ;
; Use LogicLock Constraints during Resource Balancing                             ; On                 ; On                 ;
; Ignore translate_off and synthesis_off directives                               ; Off                ; Off                ;
; Timing-Driven Synthesis                                                         ; On                 ; On                 ;
; Report Parameter Settings                                                       ; On                 ; On                 ;
; Report Source Assignments                                                       ; On                 ; On                 ;
; Report Connectivity Checks                                                      ; On                 ; On                 ;
; Ignore Maximum Fan-Out Assignments                                              ; Off                ; Off                ;
; Synchronization Register Chain Length                                           ; 3                  ; 3                  ;
; Power Optimization During Synthesis                                             ; Normal compilation ; Normal compilation ;
; HDL message level                                                               ; Level2             ; Level2             ;
; Suppress Register Optimization Related Messages                                 ; Off                ; Off                ;
; Number of Removed Registers Reported in Synthesis Report                        ; 5000               ; 5000               ;
; Number of Swept Nodes Reported in Synthesis Report                              ; 5000               ; 5000               ;
; Number of Inverted Registers Reported in Synthesis Report                       ; 100                ; 100                ;
; Clock MUX Protection                                                            ; On                 ; On                 ;
; Auto Gated Clock Conversion                                                     ; Off                ; Off                ;
; Block Design Naming                                                             ; Auto               ; Auto               ;
; SDC constraint protection                                                       ; Off                ; Off                ;
; Synthesis Effort                                                                ; Auto               ; Auto               ;
; Shift Register Replacement - Allow Asynchronous Clear Signal                    ; On                 ; On                 ;
; Pre-Mapping Resynthesis Optimization                                            ; Off                ; Off                ;
; Analysis & Synthesis Message Level                                              ; Medium             ; Medium             ;
; Disable Register Merging Across Hierarchies                                     ; Auto               ; Auto               ;
; Resource Aware Inference For Block RAM                                          ; On                 ; On                 ;
; Automatic Parallel Synthesis                                                    ; On                 ; On                 ;
; Partial Reconfiguration Bitstream ID                                            ; Off                ; Off                ;
+---------------------------------------------------------------------------------+--------------------+--------------------+


+------------------------------------------+
; Parallel Compilation                     ;
+----------------------------+-------------+
; Processors                 ; Number      ;
+----------------------------+-------------+
; Number detected on machine ; 12          ;
; Maximum allowed            ; 6           ;
;                            ;             ;
; Average used               ; 1.00        ;
; Maximum used               ; 6           ;
;                            ;             ;
; Usage by Processor         ; % Time Used ;
;     Processor 1            ; 100.0%      ;
;     Processors 2-6         ;   0.0%      ;
+----------------------------+-------------+


+--------------------------------------------------------------------------------------------------------------------------------------------------------------------------------------------------------------------------------------------------+
; Analysis & Synthesis Source Files Read                                                                                                                                                                                                           ;
+----------------------------------+-----------------+------------------------------------+----------------------------------------------------------------------------------------------------------------------------------------------+---------+
; File Name with User-Entered Path ; Used in Netlist ; File Type                          ; File Name with Absolute Path                                                                                                                 ; Library ;
+----------------------------------+-----------------+------------------------------------+----------------------------------------------------------------------------------------------------------------------------------------------+---------+
; Kirin-A15Plus.bdf                ; yes             ; User Block Diagram/Schematic File  ; D:/Onedrive - Personal/OneDrive - Imperial College London/Imperial college london-Kevi023XPS/Year_One/CPU2020/CPU2020/CPU/Kirin-A15Plus.bdf  ;         ;
; lpm_add_sub.tdf                  ; yes             ; Megafunction                       ; e:/quartus/quartus/libraries/megafunctions/lpm_add_sub.tdf                                                                                   ;         ;
; addcore.inc                      ; yes             ; Megafunction                       ; e:/quartus/quartus/libraries/megafunctions/addcore.inc                                                                                       ;         ;
; look_add.inc                     ; yes             ; Megafunction                       ; e:/quartus/quartus/libraries/megafunctions/look_add.inc                                                                                      ;         ;
; bypassff.inc                     ; yes             ; Megafunction                       ; e:/quartus/quartus/libraries/megafunctions/bypassff.inc                                                                                      ;         ;
; altshift.inc                     ; yes             ; Megafunction                       ; e:/quartus/quartus/libraries/megafunctions/altshift.inc                                                                                      ;         ;
; alt_stratix_add_sub.inc          ; yes             ; Megafunction                       ; e:/quartus/quartus/libraries/megafunctions/alt_stratix_add_sub.inc                                                                           ;         ;
; aglobal191.inc                   ; yes             ; Megafunction                       ; e:/quartus/quartus/libraries/megafunctions/aglobal191.inc                                                                                    ;         ;
; db/add_sub_0aa.tdf               ; yes             ; Auto-Generated Megafunction        ; D:/Onedrive - Personal/OneDrive - Imperial College London/Imperial college london-Kevi023XPS/Year_One/CPU2020/CPU2020/CPU/db/add_sub_0aa.tdf ;         ;
; busmux.tdf                       ; yes             ; Megafunction                       ; e:/quartus/quartus/libraries/megafunctions/busmux.tdf                                                                                        ;         ;
; lpm_mux.inc                      ; yes             ; Megafunction                       ; e:/quartus/quartus/libraries/megafunctions/lpm_mux.inc                                                                                       ;         ;
; lpm_mux.tdf                      ; yes             ; Megafunction                       ; e:/quartus/quartus/libraries/megafunctions/lpm_mux.tdf                                                                                       ;         ;
; muxlut.inc                       ; yes             ; Megafunction                       ; e:/quartus/quartus/libraries/megafunctions/muxlut.inc                                                                                        ;         ;
; db/mux_flc.tdf                   ; yes             ; Auto-Generated Megafunction        ; D:/Onedrive - Personal/OneDrive - Imperial College London/Imperial college london-Kevi023XPS/Year_One/CPU2020/CPU2020/CPU/db/mux_flc.tdf     ;         ;
; lpm_constant.tdf                 ; yes             ; Megafunction                       ; e:/quartus/quartus/libraries/megafunctions/lpm_constant.tdf                                                                                  ;         ;
; lpm_dff.tdf                      ; yes             ; Megafunction                       ; e:/quartus/quartus/libraries/megafunctions/lpm_dff.tdf                                                                                       ;         ;
; lpm_constant.inc                 ; yes             ; Megafunction                       ; e:/quartus/quartus/libraries/megafunctions/lpm_constant.inc                                                                                  ;         ;
; dffeea.inc                       ; yes             ; Megafunction                       ; e:/quartus/quartus/libraries/megafunctions/dffeea.inc                                                                                        ;         ;
+----------------------------------+-----------------+------------------------------------+----------------------------------------------------------------------------------------------------------------------------------------------+---------+


+---------------------------------------------------------+
; Analysis & Synthesis Resource Usage Summary             ;
+---------------------------------------------+-----------+
; Resource                                    ; Usage     ;
+---------------------------------------------+-----------+
; Estimate of Logic utilization (ALMs needed) ; 8         ;
;                                             ;           ;
; Combinational ALUT usage for logic          ; 16        ;
;     -- 7 input functions                    ; 0         ;
;     -- 6 input functions                    ; 0         ;
;     -- 5 input functions                    ; 0         ;
;     -- 4 input functions                    ; 0         ;
;     -- <=3 input functions                  ; 16        ;
;                                             ;           ;
; Dedicated logic registers                   ; 16        ;
;                                             ;           ;
; I/O pins                                    ; 17        ;
;                                             ;           ;
; Total DSP Blocks                            ; 0         ;
;                                             ;           ;
; Maximum fan-out node                        ; CLK~input ;
; Maximum fan-out                             ; 16        ;
; Total fan-out                               ; 96        ;
; Average fan-out                             ; 1.45      ;
+---------------------------------------------+-----------+


+-----------------------------------------------------------------------------------------------------------------------------------------------------------------------------------------------------------------------------------------+
; Analysis & Synthesis Resource Utilization by Entity                                                                                                                                                                                     ;
+------------------------------------+---------------------+---------------------------+-------------------+------------+------+--------------+------------------------------------------------------------+---------------+--------------+
; Compilation Hierarchy Node         ; Combinational ALUTs ; Dedicated Logic Registers ; Block Memory Bits ; DSP Blocks ; Pins ; Virtual Pins ; Full Hierarchy Name                                        ; Entity Name   ; Library Name ;
+------------------------------------+---------------------+---------------------------+-------------------+------------+------+--------------+------------------------------------------------------------+---------------+--------------+
; |Kirin-A15Plus                     ; 16 (0)              ; 16 (0)                    ; 0                 ; 0          ; 17   ; 0            ; |Kirin-A15Plus                                             ; Kirin-A15Plus ; work         ;
;    |lpm_add_sub:ALU3|              ; 16 (0)              ; 0 (0)                     ; 0                 ; 0          ; 0    ; 0            ; |Kirin-A15Plus|lpm_add_sub:ALU3                            ; lpm_add_sub   ; work         ;
;       |add_sub_0aa:auto_generated| ; 16 (16)             ; 0 (0)                     ; 0                 ; 0          ; 0    ; 0            ; |Kirin-A15Plus|lpm_add_sub:ALU3|add_sub_0aa:auto_generated ; add_sub_0aa   ; work         ;
;    |lpm_dff:inst7|                 ; 0 (0)               ; 16 (16)                   ; 0                 ; 0          ; 0    ; 0            ; |Kirin-A15Plus|lpm_dff:inst7                               ; lpm_dff       ; work         ;
+------------------------------------+---------------------+---------------------------+-------------------+------------+------+--------------+------------------------------------------------------------+---------------+--------------+
Note: For table entries with two numbers listed, the numbers in parentheses indicate the number of resources of the given type used by the specific entity alone. The numbers listed outside of parentheses indicate the total resources of the given type used by the specific entity and all of its sub-entities in the hierarchy.


+-------------------------------------------------------------+
; Registers Removed During Synthesis                          ;
+----------------------------------------+--------------------+
; Register name                          ; Reason for Removal ;
+----------------------------------------+--------------------+
; lpm_dff:inst5|dffs[0]                  ; Lost fanout        ;
; lpm_dff:inst6|dffs[0]                  ; Lost fanout        ;
; lpm_dff:inst5|dffs[10]                 ; Lost fanout        ;
; lpm_dff:inst6|dffs[10]                 ; Lost fanout        ;
; lpm_dff:inst5|dffs[11]                 ; Lost fanout        ;
; lpm_dff:inst6|dffs[11]                 ; Lost fanout        ;
; lpm_dff:inst5|dffs[12]                 ; Lost fanout        ;
; lpm_dff:inst6|dffs[12]                 ; Lost fanout        ;
; lpm_dff:inst5|dffs[13]                 ; Lost fanout        ;
; lpm_dff:inst6|dffs[13]                 ; Lost fanout        ;
; lpm_dff:inst5|dffs[14]                 ; Lost fanout        ;
; lpm_dff:inst6|dffs[14]                 ; Lost fanout        ;
; lpm_dff:inst5|dffs[15]                 ; Lost fanout        ;
; lpm_dff:inst6|dffs[15]                 ; Lost fanout        ;
; lpm_dff:inst5|dffs[1]                  ; Lost fanout        ;
; lpm_dff:inst6|dffs[1]                  ; Lost fanout        ;
; lpm_dff:inst5|dffs[2]                  ; Lost fanout        ;
; lpm_dff:inst6|dffs[2]                  ; Lost fanout        ;
; lpm_dff:inst5|dffs[3]                  ; Lost fanout        ;
; lpm_dff:inst6|dffs[3]                  ; Lost fanout        ;
; lpm_dff:inst5|dffs[4]                  ; Lost fanout        ;
; lpm_dff:inst6|dffs[4]                  ; Lost fanout        ;
; lpm_dff:inst5|dffs[5]                  ; Lost fanout        ;
; lpm_dff:inst6|dffs[5]                  ; Lost fanout        ;
; lpm_dff:inst5|dffs[6]                  ; Lost fanout        ;
; lpm_dff:inst6|dffs[6]                  ; Lost fanout        ;
; lpm_dff:inst5|dffs[7]                  ; Lost fanout        ;
; lpm_dff:inst6|dffs[7]                  ; Lost fanout        ;
; lpm_dff:inst5|dffs[8]                  ; Lost fanout        ;
; lpm_dff:inst6|dffs[8]                  ; Lost fanout        ;
; lpm_dff:inst5|dffs[9]                  ; Lost fanout        ;
; lpm_dff:inst6|dffs[9]                  ; Lost fanout        ;
; Total Number of Removed Registers = 32 ;                    ;
+----------------------------------------+--------------------+


+-----------------------------------------------------------------------------------------------------------------------+
; Removed Registers Triggering Further Register Optimizations                                                           ;
+------------------------+--------------------+-------------------------------------------------------------------------+
; Register name          ; Reason for Removal ; Registers Removed due to This Register                                  ;
+------------------------+--------------------+-------------------------------------------------------------------------+
; lpm_dff:inst5|dffs[0]  ; Lost Fanouts       ; lpm_dff:inst6|dffs[0], lpm_dff:inst5|dffs[13], lpm_dff:inst6|dffs[13],  ;
;                        ;                    ; lpm_dff:inst5|dffs[14], lpm_dff:inst6|dffs[14], lpm_dff:inst5|dffs[15], ;
;                        ;                    ; lpm_dff:inst6|dffs[15]                                                  ;
; lpm_dff:inst5|dffs[10] ; Lost Fanouts       ; lpm_dff:inst6|dffs[10]                                                  ;
; lpm_dff:inst5|dffs[11] ; Lost Fanouts       ; lpm_dff:inst6|dffs[11]                                                  ;
; lpm_dff:inst5|dffs[12] ; Lost Fanouts       ; lpm_dff:inst6|dffs[12]                                                  ;
; lpm_dff:inst5|dffs[1]  ; Lost Fanouts       ; lpm_dff:inst6|dffs[1]                                                   ;
; lpm_dff:inst5|dffs[2]  ; Lost Fanouts       ; lpm_dff:inst6|dffs[2]                                                   ;
; lpm_dff:inst5|dffs[3]  ; Lost Fanouts       ; lpm_dff:inst6|dffs[3]                                                   ;
; lpm_dff:inst5|dffs[4]  ; Lost Fanouts       ; lpm_dff:inst6|dffs[4]                                                   ;
; lpm_dff:inst5|dffs[5]  ; Lost Fanouts       ; lpm_dff:inst6|dffs[5]                                                   ;
; lpm_dff:inst5|dffs[6]  ; Lost Fanouts       ; lpm_dff:inst6|dffs[6]                                                   ;
; lpm_dff:inst5|dffs[7]  ; Lost Fanouts       ; lpm_dff:inst6|dffs[7]                                                   ;
; lpm_dff:inst5|dffs[8]  ; Lost Fanouts       ; lpm_dff:inst6|dffs[8]                                                   ;
; lpm_dff:inst5|dffs[9]  ; Lost Fanouts       ; lpm_dff:inst6|dffs[9]                                                   ;
+------------------------+--------------------+-------------------------------------------------------------------------+


+------------------------------------------------------+
; General Register Statistics                          ;
+----------------------------------------------+-------+
; Statistic                                    ; Value ;
+----------------------------------------------+-------+
; Total registers                              ; 16    ;
; Number of registers using Synchronous Clear  ; 0     ;
; Number of registers using Synchronous Load   ; 0     ;
; Number of registers using Asynchronous Clear ; 0     ;
; Number of registers using Asynchronous Load  ; 0     ;
; Number of registers using Clock Enable       ; 0     ;
; Number of registers using Preset             ; 0     ;
+----------------------------------------------+-------+


+---------------------------------------------------------------+
; Parameter Settings for User Entity Instance: LPM_ADD_SUB:ALU3 ;
+------------------------+-------------+------------------------+
; Parameter Name         ; Value       ; Type                   ;
+------------------------+-------------+------------------------+
; LPM_WIDTH              ; 16          ; Untyped                ;
; LPM_REPRESENTATION     ; SIGNED      ; Untyped                ;
; LPM_DIRECTION          ; DEFAULT     ; Untyped                ;
; ONE_INPUT_IS_CONSTANT  ; NO          ; Untyped                ;
; LPM_PIPELINE           ; 0           ; Untyped                ;
; MAXIMIZE_SPEED         ; 5           ; Untyped                ;
; REGISTERED_AT_END      ; 0           ; Untyped                ;
; OPTIMIZE_FOR_SPEED     ; 5           ; Untyped                ;
; USE_CS_BUFFERS         ; 1           ; Untyped                ;
; CARRY_CHAIN            ; MANUAL      ; Untyped                ;
; CARRY_CHAIN_LENGTH     ; 48          ; CARRY_CHAIN_LENGTH     ;
; DEVICE_FAMILY          ; Cyclone V   ; Untyped                ;
; USE_WYS                ; OFF         ; Untyped                ;
; STYLE                  ; FAST        ; Untyped                ;
; CBXI_PARAMETER         ; add_sub_0aa ; Untyped                ;
; AUTO_CARRY_CHAINS      ; ON          ; AUTO_CARRY             ;
; IGNORE_CARRY_BUFFERS   ; OFF         ; IGNORE_CARRY           ;
; AUTO_CASCADE_CHAINS    ; ON          ; AUTO_CASCADE           ;
; IGNORE_CASCADE_BUFFERS ; OFF         ; IGNORE_CASCADE         ;
+------------------------+-------------+------------------------+
Note: In order to hide this table in the UI and the text report file, please set the "Show Parameter Settings in Synthesis Report" option in "Analysis and Synthesis Settings -> More Settings" to "Off".


+-----------------------------------------------------------+
; Parameter Settings for User Entity Instance: BUSMUX:inst4 ;
+----------------+-------+----------------------------------+
; Parameter Name ; Value ; Type                             ;
+----------------+-------+----------------------------------+
; WIDTH          ; 16    ; Untyped                          ;
+----------------+-------+----------------------------------+
Note: In order to hide this table in the UI and the text report file, please set the "Show Parameter Settings in Synthesis Report" option in "Analysis and Synthesis Settings -> More Settings" to "Off".


+-----------------------------------------------------------------+
; Parameter Settings for User Entity Instance: LPM_CONSTANT:inst9 ;
+--------------------+------------------+-------------------------+
; Parameter Name     ; Value            ; Type                    ;
+--------------------+------------------+-------------------------+
; LPM_WIDTH          ; 16               ; Untyped                 ;
; LPM_CVALUE         ; 1                ; Untyped                 ;
; ENABLE_RUNTIME_MOD ; NO               ; Untyped                 ;
; CBXI_PARAMETER     ; lpm_constant_3d4 ; Untyped                 ;
+--------------------+------------------+-------------------------+
Note: In order to hide this table in the UI and the text report file, please set the "Show Parameter Settings in Synthesis Report" option in "Analysis and Synthesis Settings -> More Settings" to "Off".


+------------------------------------------------------------+
; Parameter Settings for User Entity Instance: LPM_DFF:inst5 ;
+------------------------+-----------+-----------------------+
; Parameter Name         ; Value     ; Type                  ;
+------------------------+-----------+-----------------------+
; LPM_WIDTH              ; 16        ; Untyped               ;
; LPM_AVALUE             ; 0         ; Untyped               ;
; LPM_SVALUE             ; 0         ; Untyped               ;
; DEVICE_FAMILY          ; Cyclone V ; Untyped               ;
; AUTO_CARRY_CHAINS      ; ON        ; AUTO_CARRY            ;
; IGNORE_CARRY_BUFFERS   ; OFF       ; IGNORE_CARRY          ;
; AUTO_CASCADE_CHAINS    ; ON        ; AUTO_CASCADE          ;
; IGNORE_CASCADE_BUFFERS ; OFF       ; IGNORE_CASCADE        ;
+------------------------+-----------+-----------------------+
Note: In order to hide this table in the UI and the text report file, please set the "Show Parameter Settings in Synthesis Report" option in "Analysis and Synthesis Settings -> More Settings" to "Off".


+------------------------------------------------------------+
; Parameter Settings for User Entity Instance: LPM_DFF:inst6 ;
+------------------------+-----------+-----------------------+
; Parameter Name         ; Value     ; Type                  ;
+------------------------+-----------+-----------------------+
; LPM_WIDTH              ; 16        ; Untyped               ;
; LPM_AVALUE             ; 0         ; Untyped               ;
; LPM_SVALUE             ; 0         ; Untyped               ;
; DEVICE_FAMILY          ; Cyclone V ; Untyped               ;
; AUTO_CARRY_CHAINS      ; ON        ; AUTO_CARRY            ;
; IGNORE_CARRY_BUFFERS   ; OFF       ; IGNORE_CARRY          ;
; AUTO_CASCADE_CHAINS    ; ON        ; AUTO_CASCADE          ;
; IGNORE_CASCADE_BUFFERS ; OFF       ; IGNORE_CASCADE        ;
+------------------------+-----------+-----------------------+
Note: In order to hide this table in the UI and the text report file, please set the "Show Parameter Settings in Synthesis Report" option in "Analysis and Synthesis Settings -> More Settings" to "Off".


+------------------------------------------------------------+
; Parameter Settings for User Entity Instance: LPM_DFF:inst7 ;
+------------------------+-----------+-----------------------+
; Parameter Name         ; Value     ; Type                  ;
+------------------------+-----------+-----------------------+
; LPM_WIDTH              ; 16        ; Untyped               ;
; LPM_AVALUE             ; 0         ; Untyped               ;
; LPM_SVALUE             ; 0         ; Untyped               ;
; DEVICE_FAMILY          ; Cyclone V ; Untyped               ;
; AUTO_CARRY_CHAINS      ; ON        ; AUTO_CARRY            ;
; IGNORE_CARRY_BUFFERS   ; OFF       ; IGNORE_CARRY          ;
; AUTO_CASCADE_CHAINS    ; ON        ; AUTO_CASCADE          ;
; IGNORE_CASCADE_BUFFERS ; OFF       ; IGNORE_CASCADE        ;
+------------------------+-----------+-----------------------+
Note: In order to hide this table in the UI and the text report file, please set the "Show Parameter Settings in Synthesis Report" option in "Analysis and Synthesis Settings -> More Settings" to "Off".


+-----------------------------------------------------+
; Post-Synthesis Netlist Statistics for Top Partition ;
+-----------------------+-----------------------------+
; Type                  ; Count                       ;
+-----------------------+-----------------------------+
; arriav_ff             ; 16                          ;
;     plain             ; 16                          ;
; arriav_lcell_comb     ; 16                          ;
;     arith             ; 16                          ;
;         1 data inputs ; 16                          ;
; boundary_port         ; 17                          ;
;                       ;                             ;
; Max LUT depth         ; 2.50                        ;
; Average LUT depth     ; 1.95                        ;
+-----------------------+-----------------------------+


+-------------------------------+
; Elapsed Time Per Partition    ;
+----------------+--------------+
; Partition Name ; Elapsed Time ;
+----------------+--------------+
; Top            ; 00:00:00     ;
+----------------+--------------+


+-------------------------------+
; Analysis & Synthesis Messages ;
+-------------------------------+
Info: *******************************************************************
Info: Running Quartus Prime Analysis & Synthesis
    Info: Version 19.1.0 Build 670 09/22/2019 SJ Lite Edition
    Info: Processing started: Mon Jul 27 23:27:59 2020
Info: Command: quartus_map --read_settings_files=on --write_settings_files=off Kirin-A15Plus -c Kirin-A15Plus
Warning (18236): Number of processors has not been specified which may cause overloading on shared machines.  Set the global assignment NUM_PARALLEL_PROCESSORS in your QSF to an appropriate value for best performance.
Info (20030): Parallel compilation is enabled and will use 6 of the 6 processors detected
Info (12021): Found 1 design units, including 1 entities, in source file instruction.v
    Info (12023): Found entity 1: Instruction File: D:/Onedrive - Personal/OneDrive - Imperial College London/Imperial college london-Kevi023XPS/Year_One/CPU2020/CPU2020/CPU/Instruction.v Line: 40
Info (12021): Found 1 design units, including 1 entities, in source file kirin-a15plus.bdf
    Info (12023): Found entity 1: Kirin-A15Plus
Info (12021): Found 1 design units, including 1 entities, in source file data.v
    Info (12023): Found entity 1: Data File: D:/Onedrive - Personal/OneDrive - Imperial College London/Imperial college london-Kevi023XPS/Year_One/CPU2020/CPU2020/CPU/Data.v Line: 40
Info (12021): Found 1 design units, including 1 entities, in source file fibonacci.v
    Info (12023): Found entity 1: fibonacci File: D:/Onedrive - Personal/OneDrive - Imperial College London/Imperial college london-Kevi023XPS/Year_One/CPU2020/CPU2020/CPU/fibonacci.v Line: 1
Warning (12019): Can't analyze file -- file dffn.bdf is missing
Info (12127): Elaborating entity "Kirin-A15Plus" for the top level hierarchy
Info (12128): Elaborating entity "LPM_ADD_SUB" for hierarchy "LPM_ADD_SUB:ALU3"
Info (12130): Elaborated megafunction instantiation "LPM_ADD_SUB:ALU3"
Info (12133): Instantiated megafunction "LPM_ADD_SUB:ALU3" with the following parameter:
    Info (12134): Parameter "LPM_WIDTH" = "16"
Info (12021): Found 1 design units, including 1 entities, in source file db/add_sub_0aa.tdf
    Info (12023): Found entity 1: add_sub_0aa File: D:/Onedrive - Personal/OneDrive - Imperial College London/Imperial college london-Kevi023XPS/Year_One/CPU2020/CPU2020/CPU/db/add_sub_0aa.tdf Line: 23
Info (12128): Elaborating entity "add_sub_0aa" for hierarchy "LPM_ADD_SUB:ALU3|add_sub_0aa:auto_generated" File: e:/quartus/quartus/libraries/megafunctions/lpm_add_sub.tdf Line: 119
Info (12128): Elaborating entity "BUSMUX" for hierarchy "BUSMUX:inst4"
Info (12130): Elaborated megafunction instantiation "BUSMUX:inst4"
Info (12133): Instantiated megafunction "BUSMUX:inst4" with the following parameter:
    Info (12134): Parameter "WIDTH" = "16"
Info (12128): Elaborating entity "lpm_mux" for hierarchy "BUSMUX:inst4|lpm_mux:$00000" File: e:/quartus/quartus/libraries/megafunctions/busmux.tdf Line: 44
Info (12131): Elaborated megafunction instantiation "BUSMUX:inst4|lpm_mux:$00000", which is child of megafunction instantiation "BUSMUX:inst4" File: e:/quartus/quartus/libraries/megafunctions/busmux.tdf Line: 44
Info (12021): Found 1 design units, including 1 entities, in source file db/mux_flc.tdf
    Info (12023): Found entity 1: mux_flc File: D:/Onedrive - Personal/OneDrive - Imperial College London/Imperial college london-Kevi023XPS/Year_One/CPU2020/CPU2020/CPU/db/mux_flc.tdf Line: 23
Info (12128): Elaborating entity "mux_flc" for hierarchy "BUSMUX:inst4|lpm_mux:$00000|mux_flc:auto_generated" File: e:/quartus/quartus/libraries/megafunctions/lpm_mux.tdf Line: 87
Info (12128): Elaborating entity "LPM_CONSTANT" for hierarchy "LPM_CONSTANT:inst9"
Info (12130): Elaborated megafunction instantiation "LPM_CONSTANT:inst9"
Info (12133): Instantiated megafunction "LPM_CONSTANT:inst9" with the following parameter:
    Info (12134): Parameter "LPM_CVALUE" = "1"
    Info (12134): Parameter "LPM_WIDTH" = "16"
Info (12128): Elaborating entity "LPM_DFF" for hierarchy "LPM_DFF:inst5"
Info (12130): Elaborated megafunction instantiation "LPM_DFF:inst5"
Info (12133): Instantiated megafunction "LPM_DFF:inst5" with the following parameter:
    Info (12134): Parameter "LPM_WIDTH" = "16"
Info (286030): Timing-Driven Synthesis is running
Info (17049): 32 registers lost all their fanouts during netlist optimizations.
Info (16010): Generating hard_block partition "hard_block:auto_generated_inst"
    Info (16011): Adding 0 node(s), including 0 DDIO, 0 PLL, 0 transceiver and 0 LCELL
Info (21057): Implemented 49 device resources after synthesis - the final resource count might be different
    Info (21058): Implemented 1 input pins
    Info (21059): Implemented 16 output pins
    Info (21061): Implemented 32 logic cells
Info: Quartus Prime Analysis & Synthesis was successful. 0 errors, 2 warnings
    Info: Peak virtual memory: 4994 megabytes
    Info: Processing ended: Mon Jul 27 23:28:08 2020
    Info: Elapsed time: 00:00:09
    Info: Total CPU time (on all processors): 00:00:21


