Flow report for Kirin-A15Plus
Mon Aug 03 17:12:53 2020
Quartus Prime Version 19.1.0 Build 670 09/22/2019 SJ Lite Edition


---------------------
; Table of Contents ;
---------------------
  1. Legal Notice
  2. Flow Summary
  3. Flow Settings
  4. Flow Non-Default Global Settings
  5. Flow Elapsed Time
  6. Flow OS Summary
  7. Flow Log
  8. Flow Messages
  9. Flow Suppressed Messages



----------------
; Legal Notice ;
----------------
Copyright (C) 2019  Intel Corporation. All rights reserved.
Your use of Intel Corporation's design tools, logic functions 
and other software and tools, and any partner logic 
functions, and any output files from any of the foregoing 
(including device programming or simulation files), and any 
associated documentation or information are expressly subject 
to the terms and conditions of the Intel Program License 
Subscription Agreement, the Intel Quartus Prime License Agreement,
the Intel FPGA IP License Agreement, or other applicable license
agreement, including, without limitation, that your use is for
the sole purpose of programming logic devices manufactured by
Intel and sold by Intel or its authorized distributors.  Please
refer to the applicable agreement for further details, at
https://fpgasoftware.intel.com/eula.



+-------------------------------------------------------------------------------+
; Flow Summary                                                                  ;
+---------------------------------+---------------------------------------------+
; Flow Status                     ; Successful - Mon Aug 03 17:12:53 2020       ;
; Quartus Prime Version           ; 19.1.0 Build 670 09/22/2019 SJ Lite Edition ;
; Revision Name                   ; Kirin-A15Plus                               ;
; Top-level Entity Name           ; fib_stack                                   ;
; Family                          ; Cyclone V                                   ;
; Device                          ; 5CGXFC7C7F23C8                              ;
; Timing Models                   ; Final                                       ;
; Logic utilization (in ALMs)     ; N/A                                         ;
; Total registers                 ; 27                                          ;
; Total pins                      ; 31                                          ;
; Total virtual pins              ; 0                                           ;
; Total block memory bits         ; 0                                           ;
; Total DSP Blocks                ; 0                                           ;
; Total HSSI RX PCSs              ; 0                                           ;
; Total HSSI PMA RX Deserializers ; 0                                           ;
; Total HSSI TX PCSs              ; 0                                           ;
; Total HSSI PMA TX Serializers   ; 0                                           ;
; Total PLLs                      ; 0                                           ;
; Total DLLs                      ; 0                                           ;
+---------------------------------+---------------------------------------------+


+-----------------------------------------+
; Flow Settings                           ;
+-------------------+---------------------+
; Option            ; Setting             ;
+-------------------+---------------------+
; Start date & time ; 08/02/2020 21:58:38 ;
; Main task         ; Compilation         ;
; Revision Name     ; Kirin-A15Plus       ;
+-------------------+---------------------+


+-------------------------------------------------------------------------------------------------------------------------+
; Flow Non-Default Global Settings                                                                                        ;
+-------------------------------------+----------------------------------------+---------------+-------------+------------+
; Assignment Name                     ; Value                                  ; Default Value ; Entity Name ; Section Id ;
+-------------------------------------+----------------------------------------+---------------+-------------+------------+
; COMPILER_SIGNATURE_ID               ; 174508027636205.159637671824380        ; --            ; --          ; --         ;
; PARTITION_COLOR                     ; -- (Not supported for targeted family) ; --            ; fib_stack   ; Top        ;
; PARTITION_FITTER_PRESERVATION_LEVEL ; -- (Not supported for targeted family) ; --            ; fib_stack   ; Top        ;
; PARTITION_NETLIST_TYPE              ; -- (Not supported for targeted family) ; --            ; fib_stack   ; Top        ;
; TOP_LEVEL_ENTITY                    ; fib_stack                              ; Kirin-A15Plus ; --          ; --         ;
+-------------------------------------+----------------------------------------+---------------+-------------+------------+


+--------------------------------------------------------------------------------------------------------------------------+
; Flow Elapsed Time                                                                                                        ;
+----------------------+--------------+-------------------------+---------------------+------------------------------------+
; Module Name          ; Elapsed Time ; Average Processors Used ; Peak Virtual Memory ; Total CPU Time (on all processors) ;
+----------------------+--------------+-------------------------+---------------------+------------------------------------+
; Analysis & Synthesis ; 00:00:15     ; 1.0                     ; 5014 MB             ; 00:00:27                           ;
; EDA Netlist Writer   ; 00:00:01     ; 1.0                     ; 4823 MB             ; 00:00:01                           ;
; EDA Netlist Writer   ; 00:00:00     ; 1.0                     ; 4827 MB             ; 00:00:01                           ;
; EDA Netlist Writer   ; 00:00:01     ; 1.0                     ; 4823 MB             ; 00:00:01                           ;
; EDA Netlist Writer   ; 00:00:00     ; 1.0                     ; 4823 MB             ; 00:00:01                           ;
; EDA Netlist Writer   ; 00:00:01     ; 1.0                     ; 4827 MB             ; 00:00:01                           ;
; EDA Netlist Writer   ; 00:00:00     ; 1.0                     ; 4823 MB             ; 00:00:01                           ;
; EDA Netlist Writer   ; 00:00:01     ; 1.0                     ; 4827 MB             ; 00:00:01                           ;
; EDA Netlist Writer   ; 00:00:00     ; 1.0                     ; 4823 MB             ; 00:00:01                           ;
; EDA Netlist Writer   ; 00:00:01     ; 1.0                     ; 4827 MB             ; 00:00:01                           ;
; Total                ; 00:00:20     ; --                      ; --                  ; 00:00:36                           ;
+----------------------+--------------+-------------------------+---------------------+------------------------------------+


+------------------------------------------------------------------------------------+
; Flow OS Summary                                                                    ;
+----------------------+------------------+------------+------------+----------------+
; Module Name          ; Machine Hostname ; OS Name    ; OS Version ; Processor type ;
+----------------------+------------------+------------+------------+----------------+
; Analysis & Synthesis ; Kevi023XPS       ; Windows 10 ; 10.0       ; x86_64         ;
; EDA Netlist Writer   ; Kevi023XPS       ; Windows 10 ; 10.0       ; x86_64         ;
; EDA Netlist Writer   ; Kevi023XPS       ; Windows 10 ; 10.0       ; x86_64         ;
; EDA Netlist Writer   ; Kevi023XPS       ; Windows 10 ; 10.0       ; x86_64         ;
; EDA Netlist Writer   ; Kevi023XPS       ; Windows 10 ; 10.0       ; x86_64         ;
; EDA Netlist Writer   ; Kevi023XPS       ; Windows 10 ; 10.0       ; x86_64         ;
; EDA Netlist Writer   ; Kevi023XPS       ; Windows 10 ; 10.0       ; x86_64         ;
; EDA Netlist Writer   ; Kevi023XPS       ; Windows 10 ; 10.0       ; x86_64         ;
; EDA Netlist Writer   ; Kevi023XPS       ; Windows 10 ; 10.0       ; x86_64         ;
; EDA Netlist Writer   ; Kevi023XPS       ; Windows 10 ; 10.0       ; x86_64         ;
+----------------------+------------------+------------+------------+----------------+


------------
; Flow Log ;
------------
quartus_map --read_settings_files=on --write_settings_files=off Kirin_A15Plus -c Kirin-A15Plus
quartus_eda --gen_testbench --tool=modelsim_oem --format=verilog --write_settings_files=off Kirin_A15Plus -c Kirin-A15Plus --vector_source="D:/Onedrive - Personal/OneDrive - Imperial College London/Imperial college london-Kevi023XPS/Year_One/CPU2020/CPU2020/CPU/Waveform1.vwf" --testbench_file="D:/Onedrive - Personal/OneDrive - Imperial College London/Imperial college london-Kevi023XPS/Year_One/CPU2020/CPU2020/CPU/simulation/qsim/Waveform1.vwf.vt"
quartus_eda --write_settings_files=off --simulation=on --functional=on --flatten_buses=off --tool=modelsim_oem --format=verilog --output_directory="D:/Onedrive - Personal/OneDrive - Imperial College London/Imperial college london-Kevi023XPS/Year_One/CPU2020/CPU2020/CPU/simulation/qsim/" Kirin_A15Plus -c Kirin-A15Plus
quartus_eda --gen_testbench --tool=modelsim_oem --format=verilog --write_settings_files=off Kirin_A15Plus -c Kirin-A15Plus --vector_source="D:/Onedrive - Personal/OneDrive - Imperial College London/Imperial college london-Kevi023XPS/Year_One/CPU2020/CPU2020/CPU/Waveform1.vwf" --testbench_file="D:/Onedrive - Personal/OneDrive - Imperial College London/Imperial college london-Kevi023XPS/Year_One/CPU2020/CPU2020/CPU/simulation/qsim/Waveform1.vwf.vt"
quartus_eda --gen_testbench --tool=modelsim_oem --format=verilog --write_settings_files=off Kirin_A15Plus -c Kirin-A15Plus --vector_source="D:/Onedrive - Personal/OneDrive - Imperial College London/Imperial college london-Kevi023XPS/Year_One/CPU2020/CPU2020/CPU/Waveform1.vwf" --testbench_file="D:/Onedrive - Personal/OneDrive - Imperial College London/Imperial college london-Kevi023XPS/Year_One/CPU2020/CPU2020/CPU/simulation/qsim/Waveform1.vwf.vt"
quartus_eda --write_settings_files=off --simulation=on --functional=on --flatten_buses=off --tool=modelsim_oem --format=verilog --output_directory="D:/Onedrive - Personal/OneDrive - Imperial College London/Imperial college london-Kevi023XPS/Year_One/CPU2020/CPU2020/CPU/simulation/qsim/" Kirin_A15Plus -c Kirin-A15Plus
quartus_eda --gen_testbench --tool=modelsim_oem --format=verilog --write_settings_files=off Kirin_A15Plus -c Kirin-A15Plus --vector_source="D:/Onedrive - Personal/OneDrive - Imperial College London/Imperial college london-Kevi023XPS/Year_One/CPU2020/CPU2020/CPU/Waveform1.vwf" --testbench_file="D:/Onedrive - Personal/OneDrive - Imperial College London/Imperial college london-Kevi023XPS/Year_One/CPU2020/CPU2020/CPU/simulation/qsim/Waveform1.vwf.vt"
quartus_eda --write_settings_files=off --simulation=on --functional=on --flatten_buses=off --tool=modelsim_oem --format=verilog --output_directory="D:/Onedrive - Personal/OneDrive - Imperial College London/Imperial college london-Kevi023XPS/Year_One/CPU2020/CPU2020/CPU/simulation/qsim/" Kirin_A15Plus -c Kirin-A15Plus
quartus_eda --gen_testbench --tool=modelsim_oem --format=verilog --write_settings_files=off Kirin_A15Plus -c Kirin-A15Plus --vector_source="D:/Onedrive - Personal/OneDrive - Imperial College London/Imperial college london-Kevi023XPS/Year_One/CPU2020/CPU2020/CPU/Waveform1.vwf" --testbench_file="D:/Onedrive - Personal/OneDrive - Imperial College London/Imperial college london-Kevi023XPS/Year_One/CPU2020/CPU2020/CPU/simulation/qsim/Waveform1.vwf.vt"
quartus_eda --write_settings_files=off --simulation=on --functional=on --flatten_buses=off --tool=modelsim_oem --format=verilog --output_directory="D:/Onedrive - Personal/OneDrive - Imperial College London/Imperial college london-Kevi023XPS/Year_One/CPU2020/CPU2020/CPU/simulation/qsim/" Kirin_A15Plus -c Kirin-A15Plus



